==============================
START
==============================


name: shenli ; id: 1234 ; cond: 1


2018-06-19 17:08:20.954925 

2018-06-19 17:08:21.004925
2018-06-19 17:10:54.060925 

2018-06-19 17:10:54.110925
==============================
END
==============================

==============================
START
==============================


name: 12 ; id: 12 ; cond: 12


2018-06-19 20:12:34.668925 

2018-06-19 20:12:34.720925
2018-06-19 20:12:46.788925 

2018-06-19 20:12:46.840925
==============================
END
==============================

==============================
START
==============================


name: 1 ; id: 1 ; cond: 1


2018-06-19 21:15:28.761669 

2018-06-19 21:15:28.811802
